Flow report for LaserSharknado
Tue Sep 10 18:18:11 2013
Quartus II 32-bit Version 12.0 Build 263 08/02/2012 Service Pack 2 SJ Web Edition


---------------------
; Table of Contents ;
---------------------
  1. Legal Notice
  2. Flow Summary
  3. Flow Settings
  4. Flow Non-Default Global Settings
  5. Flow Elapsed Time
  6. Flow OS Summary
  7. Flow Log



----------------
; Legal Notice ;
----------------
Copyright (C) 1991-2012 Altera Corporation
Your use of Altera Corporation's design tools, logic functions 
and other software and tools, and its AMPP partner logic 
functions, and any output files from any of the foregoing 
(including device programming or simulation files), and any 
associated documentation or information are expressly subject 
to the terms and conditions of the Altera Program License 
Subscription Agreement, Altera MegaCore Function License 
Agreement, or other applicable license agreement, including, 
without limitation, that your use is for the sole purpose of 
programming logic devices manufactured by Altera and sold by 
Altera or its authorized distributors.  Please refer to the 
applicable agreement for further details.



+------------------------------------------------------------------------------------+
; Flow Summary                                                                       ;
+------------------------------------+-----------------------------------------------+
; Flow Status                        ; Successful - Tue Sep 10 18:18:11 2013         ;
; Quartus II 32-bit Version          ; 12.0 Build 263 08/02/2012 SP 2 SJ Web Edition ;
; Revision Name                      ; LaserSharknado                                ;
; Top-level Entity Name              ; LaserSharknado                                ;
; Family                             ; Cyclone II                                    ;
; Device                             ; EP2C35F672C6                                  ;
; Timing Models                      ; Final                                         ;
; Total logic elements               ; 3,365 / 33,216 ( 10 % )                       ;
;     Total combinational functions  ; 3,130 / 33,216 ( 9 % )                        ;
;     Dedicated logic registers      ; 2,052 / 33,216 ( 6 % )                        ;
; Total registers                    ; 2120                                          ;
; Total pins                         ; 69 / 475 ( 15 % )                             ;
; Total virtual pins                 ; 0                                             ;
; Total memory bits                  ; 79,488 / 483,840 ( 16 % )                     ;
; Embedded Multiplier 9-bit elements ; 4 / 70 ( 6 % )                                ;
; Total PLLs                         ; 1 / 4 ( 25 % )                                ;
+------------------------------------+-----------------------------------------------+


+-----------------------------------------+
; Flow Settings                           ;
+-------------------+---------------------+
; Option            ; Setting             ;
+-------------------+---------------------+
; Start date & time ; 09/10/2013 18:17:09 ;
; Main task         ; Compilation         ;
; Revision Name     ; LaserSharknado      ;
+-------------------+---------------------+


+--------------------------------------------------------------------------------------------------------------------------------------------------------------------+
; Flow Non-Default Global Settings                                                                                                                                   ;
+-------------------------------------+---------------------------------------------------------------+---------------+---------------------------------+------------+
; Assignment Name                     ; Value                                                         ; Default Value ; Entity Name                     ; Section Id ;
+-------------------------------------+---------------------------------------------------------------+---------------+---------------------------------+------------+
; COMPILER_SIGNATURE_ID               ; 216075646637533.137886222805952                               ; --            ; --                              ; --         ;
; IP_TOOL_ENV                         ; qsys                                                          ; --            ; altera_avalon_sc_fifo           ; --         ;
; IP_TOOL_ENV                         ; qsys                                                          ; --            ; altera_merlin_burst_adapter     ; --         ;
; IP_TOOL_ENV                         ; qsys                                                          ; --            ; altera_merlin_master_agent      ; --         ;
; IP_TOOL_ENV                         ; qsys                                                          ; --            ; altera_merlin_master_translator ; --         ;
; IP_TOOL_ENV                         ; qsys                                                          ; --            ; altera_merlin_slave_agent       ; --         ;
; IP_TOOL_ENV                         ; qsys                                                          ; --            ; altera_merlin_slave_translator  ; --         ;
; IP_TOOL_ENV                         ; qsys                                                          ; --            ; altera_merlin_traffic_limiter   ; --         ;
; IP_TOOL_ENV                         ; qsys                                                          ; --            ; altera_merlin_width_adapter     ; --         ;
; IP_TOOL_ENV                         ; qsys                                                          ; --            ; altera_reset_controller         ; --         ;
; IP_TOOL_ENV                         ; qsys                                                          ; --            ; nios_system                     ; --         ;
; IP_TOOL_ENV                         ; qsys                                                          ; --            ; nios_system_LEDs                ; --         ;
; IP_TOOL_ENV                         ; qsys                                                          ; --            ; nios_system_addr_router         ; --         ;
; IP_TOOL_ENV                         ; qsys                                                          ; --            ; nios_system_addr_router_001     ; --         ;
; IP_TOOL_ENV                         ; qsys                                                          ; --            ; nios_system_cmd_xbar_demux      ; --         ;
; IP_TOOL_ENV                         ; qsys                                                          ; --            ; nios_system_cmd_xbar_demux_001  ; --         ;
; IP_TOOL_ENV                         ; qsys                                                          ; --            ; nios_system_cmd_xbar_mux        ; --         ;
; IP_TOOL_ENV                         ; qsys                                                          ; --            ; nios_system_id_router           ; --         ;
; IP_TOOL_ENV                         ; qsys                                                          ; --            ; nios_system_id_router_002       ; --         ;
; IP_TOOL_ENV                         ; qsys                                                          ; --            ; nios_system_id_router_003       ; --         ;
; IP_TOOL_ENV                         ; qsys                                                          ; --            ; nios_system_id_router_004       ; --         ;
; IP_TOOL_ENV                         ; qsys                                                          ; --            ; nios_system_irq_mapper          ; --         ;
; IP_TOOL_ENV                         ; qsys                                                          ; --            ; nios_system_jtag_uart_0         ; --         ;
; IP_TOOL_ENV                         ; qsys                                                          ; --            ; nios_system_nios2_qsys_0        ; --         ;
; IP_TOOL_ENV                         ; qsys                                                          ; --            ; nios_system_onchip_memory2_0    ; --         ;
; IP_TOOL_ENV                         ; qsys                                                          ; --            ; nios_system_rsp_xbar_demux      ; --         ;
; IP_TOOL_ENV                         ; qsys                                                          ; --            ; nios_system_rsp_xbar_demux_003  ; --         ;
; IP_TOOL_ENV                         ; qsys                                                          ; --            ; nios_system_rsp_xbar_mux        ; --         ;
; IP_TOOL_ENV                         ; qsys                                                          ; --            ; nios_system_rsp_xbar_mux_001    ; --         ;
; IP_TOOL_ENV                         ; qsys                                                          ; --            ; nios_system_sdram_0             ; --         ;
; IP_TOOL_ENV                         ; qsys                                                          ; --            ; nios_system_switches            ; --         ;
; IP_TOOL_NAME                        ; altera_avalon_sc_fifo                                         ; --            ; altera_avalon_sc_fifo           ; --         ;
; IP_TOOL_NAME                        ; altera_merlin_burst_adapter                                   ; --            ; altera_merlin_burst_adapter     ; --         ;
; IP_TOOL_NAME                        ; altera_merlin_master_agent                                    ; --            ; altera_merlin_master_agent      ; --         ;
; IP_TOOL_NAME                        ; altera_merlin_master_translator                               ; --            ; altera_merlin_master_translator ; --         ;
; IP_TOOL_NAME                        ; altera_merlin_slave_agent                                     ; --            ; altera_merlin_slave_agent       ; --         ;
; IP_TOOL_NAME                        ; altera_merlin_slave_translator                                ; --            ; altera_merlin_slave_translator  ; --         ;
; IP_TOOL_NAME                        ; altera_merlin_traffic_limiter                                 ; --            ; altera_merlin_traffic_limiter   ; --         ;
; IP_TOOL_NAME                        ; altera_merlin_width_adapter                                   ; --            ; altera_merlin_width_adapter     ; --         ;
; IP_TOOL_NAME                        ; altera_reset_controller                                       ; --            ; altera_reset_controller         ; --         ;
; IP_TOOL_NAME                        ; qsys                                                          ; --            ; nios_system                     ; --         ;
; IP_TOOL_NAME                        ; altera_avalon_pio                                             ; --            ; nios_system_LEDs                ; --         ;
; IP_TOOL_NAME                        ; altera_merlin_router                                          ; --            ; nios_system_addr_router         ; --         ;
; IP_TOOL_NAME                        ; altera_merlin_router                                          ; --            ; nios_system_addr_router_001     ; --         ;
; IP_TOOL_NAME                        ; altera_merlin_demultiplexer                                   ; --            ; nios_system_cmd_xbar_demux      ; --         ;
; IP_TOOL_NAME                        ; altera_merlin_demultiplexer                                   ; --            ; nios_system_cmd_xbar_demux_001  ; --         ;
; IP_TOOL_NAME                        ; altera_merlin_multiplexer                                     ; --            ; nios_system_cmd_xbar_mux        ; --         ;
; IP_TOOL_NAME                        ; altera_merlin_router                                          ; --            ; nios_system_id_router           ; --         ;
; IP_TOOL_NAME                        ; altera_merlin_router                                          ; --            ; nios_system_id_router_002       ; --         ;
; IP_TOOL_NAME                        ; altera_merlin_router                                          ; --            ; nios_system_id_router_003       ; --         ;
; IP_TOOL_NAME                        ; altera_merlin_router                                          ; --            ; nios_system_id_router_004       ; --         ;
; IP_TOOL_NAME                        ; altera_irq_mapper                                             ; --            ; nios_system_irq_mapper          ; --         ;
; IP_TOOL_NAME                        ; altera_avalon_jtag_uart                                       ; --            ; nios_system_jtag_uart_0         ; --         ;
; IP_TOOL_NAME                        ; altera_nios2_qsys                                             ; --            ; nios_system_nios2_qsys_0        ; --         ;
; IP_TOOL_NAME                        ; altera_avalon_onchip_memory2                                  ; --            ; nios_system_onchip_memory2_0    ; --         ;
; IP_TOOL_NAME                        ; altera_merlin_demultiplexer                                   ; --            ; nios_system_rsp_xbar_demux      ; --         ;
; IP_TOOL_NAME                        ; altera_merlin_demultiplexer                                   ; --            ; nios_system_rsp_xbar_demux_003  ; --         ;
; IP_TOOL_NAME                        ; altera_merlin_multiplexer                                     ; --            ; nios_system_rsp_xbar_mux        ; --         ;
; IP_TOOL_NAME                        ; altera_merlin_multiplexer                                     ; --            ; nios_system_rsp_xbar_mux_001    ; --         ;
; IP_TOOL_NAME                        ; altera_avalon_new_sdram_controller                            ; --            ; nios_system_sdram_0             ; --         ;
; IP_TOOL_NAME                        ; altera_avalon_pio                                             ; --            ; nios_system_switches            ; --         ;
; IP_TOOL_VERSION                     ; 12.0                                                          ; --            ; altera_avalon_sc_fifo           ; --         ;
; IP_TOOL_VERSION                     ; 12.0                                                          ; --            ; altera_merlin_burst_adapter     ; --         ;
; IP_TOOL_VERSION                     ; 12.0                                                          ; --            ; altera_merlin_master_agent      ; --         ;
; IP_TOOL_VERSION                     ; 12.0                                                          ; --            ; altera_merlin_master_translator ; --         ;
; IP_TOOL_VERSION                     ; 12.0                                                          ; --            ; altera_merlin_slave_agent       ; --         ;
; IP_TOOL_VERSION                     ; 12.0                                                          ; --            ; altera_merlin_slave_translator  ; --         ;
; IP_TOOL_VERSION                     ; 12.0                                                          ; --            ; altera_merlin_traffic_limiter   ; --         ;
; IP_TOOL_VERSION                     ; 12.0                                                          ; --            ; altera_merlin_width_adapter     ; --         ;
; IP_TOOL_VERSION                     ; 12.0                                                          ; --            ; altera_reset_controller         ; --         ;
; IP_TOOL_VERSION                     ; 12.0sp2                                                       ; --            ; nios_system                     ; --         ;
; IP_TOOL_VERSION                     ; 12.0                                                          ; --            ; nios_system_LEDs                ; --         ;
; IP_TOOL_VERSION                     ; 12.0                                                          ; --            ; nios_system_addr_router         ; --         ;
; IP_TOOL_VERSION                     ; 12.0                                                          ; --            ; nios_system_addr_router_001     ; --         ;
; IP_TOOL_VERSION                     ; 12.0                                                          ; --            ; nios_system_cmd_xbar_demux      ; --         ;
; IP_TOOL_VERSION                     ; 12.0                                                          ; --            ; nios_system_cmd_xbar_demux_001  ; --         ;
; IP_TOOL_VERSION                     ; 12.0                                                          ; --            ; nios_system_cmd_xbar_mux        ; --         ;
; IP_TOOL_VERSION                     ; 12.0                                                          ; --            ; nios_system_id_router           ; --         ;
; IP_TOOL_VERSION                     ; 12.0                                                          ; --            ; nios_system_id_router_002       ; --         ;
; IP_TOOL_VERSION                     ; 12.0                                                          ; --            ; nios_system_id_router_003       ; --         ;
; IP_TOOL_VERSION                     ; 12.0                                                          ; --            ; nios_system_id_router_004       ; --         ;
; IP_TOOL_VERSION                     ; 12.0                                                          ; --            ; nios_system_irq_mapper          ; --         ;
; IP_TOOL_VERSION                     ; 12.0                                                          ; --            ; nios_system_jtag_uart_0         ; --         ;
; IP_TOOL_VERSION                     ; 12.0                                                          ; --            ; nios_system_nios2_qsys_0        ; --         ;
; IP_TOOL_VERSION                     ; 12.0                                                          ; --            ; nios_system_onchip_memory2_0    ; --         ;
; IP_TOOL_VERSION                     ; 12.0                                                          ; --            ; nios_system_rsp_xbar_demux      ; --         ;
; IP_TOOL_VERSION                     ; 12.0                                                          ; --            ; nios_system_rsp_xbar_demux_003  ; --         ;
; IP_TOOL_VERSION                     ; 12.0                                                          ; --            ; nios_system_rsp_xbar_mux        ; --         ;
; IP_TOOL_VERSION                     ; 12.0                                                          ; --            ; nios_system_rsp_xbar_mux_001    ; --         ;
; IP_TOOL_VERSION                     ; 12.0                                                          ; --            ; nios_system_sdram_0             ; --         ;
; IP_TOOL_VERSION                     ; 12.0                                                          ; --            ; nios_system_switches            ; --         ;
; MAX_CORE_JUNCTION_TEMP              ; 85                                                            ; --            ; --                              ; --         ;
; MIN_CORE_JUNCTION_TEMP              ; 0                                                             ; --            ; --                              ; --         ;
; MISC_FILE                           ; nios_system/synthesis/../../nios_system.sopcinfo              ; --            ; --                              ; --         ;
; MISC_FILE                           ; nios_system/synthesis/../../nios_system.qsys                  ; --            ; --                              ; --         ;
; PARTITION_COLOR                     ; 16764057                                                      ; --            ; --                              ; Top        ;
; PARTITION_FITTER_PRESERVATION_LEVEL ; PLACEMENT_AND_ROUTING                                         ; --            ; --                              ; Top        ;
; PARTITION_NETLIST_TYPE              ; SOURCE                                                        ; --            ; --                              ; Top        ;
; SLD_INFO                            ; QSYS_NAME nios_system HAS_SOPCINFO 1 GENERATION_ID 1378861803 ; --            ; nios_system                     ; --         ;
; SYNTHESIS_ONLY_QIP                  ; On                                                            ; --            ; --                              ; --         ;
+-------------------------------------+---------------------------------------------------------------+---------------+---------------------------------+------------+


+-------------------------------------------------------------------------------------------------------------------------------+
; Flow Elapsed Time                                                                                                             ;
+---------------------------+--------------+-------------------------+---------------------+------------------------------------+
; Module Name               ; Elapsed Time ; Average Processors Used ; Peak Virtual Memory ; Total CPU Time (on all processors) ;
+---------------------------+--------------+-------------------------+---------------------+------------------------------------+
; Analysis & Synthesis      ; 00:00:24     ; 1.0                     ; 423 MB              ; 00:00:24                           ;
; Fitter                    ; 00:00:29     ; 1.0                     ; 458 MB              ; 00:00:29                           ;
; TimeQuest Timing Analyzer ; 00:00:03     ; 1.0                     ; 318 MB              ; 00:00:03                           ;
; Assembler                 ; 00:00:04     ; 1.0                     ; 342 MB              ; 00:00:04                           ;
; Total                     ; 00:01:00     ; --                      ; --                  ; 00:01:00                           ;
+---------------------------+--------------+-------------------------+---------------------+------------------------------------+


+----------------------------------------------------------------------------------------+
; Flow OS Summary                                                                        ;
+---------------------------+------------------+-----------+------------+----------------+
; Module Name               ; Machine Hostname ; OS Name   ; OS Version ; Processor type ;
+---------------------------+------------------+-----------+------------+----------------+
; Analysis & Synthesis      ; Jorden-PC        ; Windows 7 ; 6.2        ; x86_64         ;
; Fitter                    ; Jorden-PC        ; Windows 7 ; 6.2        ; x86_64         ;
; TimeQuest Timing Analyzer ; Jorden-PC        ; Windows 7 ; 6.2        ; x86_64         ;
; Assembler                 ; Jorden-PC        ; Windows 7 ; 6.2        ; x86_64         ;
+---------------------------+------------------+-----------+------------+----------------+


------------
; Flow Log ;
------------
quartus_map --read_settings_files=on --write_settings_files=off LaserSharknado -c LaserSharknado
quartus_fit --read_settings_files=off --write_settings_files=off LaserSharknado -c LaserSharknado
quartus_sta LaserSharknado -c LaserSharknado
quartus_asm --read_settings_files=off --write_settings_files=off LaserSharknado -c LaserSharknado



