Info: Starting: Create block symbol file (.bsf)
Info: ip-generate --project-directory=C:/Users/jorde_000/Documents/GitHub/LaserSharknado/HDL/ --output-directory=C:/Users/jorde_000/Documents/GitHub/LaserSharknado/HDL/nios_system/ --report-file=bsf:C:/Users/jorde_000/Documents/GitHub/LaserSharknado/HDL/nios_system.bsf --system-info=DEVICE_FAMILY="Cyclone II" --system-info=DEVICE=EP2C35F672C6 --system-info=DEVICE_SPEEDGRADE=6 --component-file=C:/Users/jorde_000/Documents/GitHub/LaserSharknado/HDL/nios_system.qsys
Progress: Loading HDL/nios_system.qsys
Progress: Reading input file
Progress: Adding clk_0 [clock_source 12.0]
Progress: Parameterizing module clk_0
Progress: Adding nios2_qsys_0 [altera_nios2_qsys 12.0]
Progress: Parameterizing module nios2_qsys_0
Progress: Adding switches [altera_avalon_pio 12.0]
Progress: Parameterizing module switches
Progress: Adding LEDs [altera_avalon_pio 12.0]
Progress: Parameterizing module LEDs
Progress: Adding jtag_uart_0 [altera_avalon_jtag_uart 12.0]
Progress: Parameterizing module jtag_uart_0
Progress: Adding sdram_0 [altera_avalon_new_sdram_controller 12.0]
Progress: Parameterizing module sdram_0
Progress: Adding character_lcd_0 [altera_up_avalon_character_lcd 12.0]
Progress: Parameterizing module character_lcd_0
Progress: Adding clocks [altera_up_clocks 12.0]
Progress: Parameterizing module clocks
Progress: Adding HAL_system_timer [altera_avalon_timer 12.0]
Progress: Parameterizing module HAL_system_timer
Progress: Adding timestamp_timer [altera_avalon_timer 12.0]
Progress: Parameterizing module timestamp_timer
Progress: Adding hardware_timer [altera_avalon_timer 12.0]
Progress: Parameterizing module hardware_timer
Progress: Adding keys [altera_avalon_pio 12.0]
Progress: Parameterizing module keys
Progress: Adding pixel_buffer [altera_up_avalon_sram 12.0]
Progress: Parameterizing module pixel_buffer
Progress: Adding pixel_buffer_dma [altera_up_avalon_video_pixel_buffer_dma 12.0]
Progress: Parameterizing module pixel_buffer_dma
Progress: Adding rgb_resampler [altera_up_avalon_video_rgb_resampler 12.0]
Progress: Parameterizing module rgb_resampler
Progress: Adding scaler [altera_up_avalon_video_scaler 12.0]
Progress: Parameterizing module scaler
Progress: Adding char_drawer [altera_up_avalon_video_character_buffer_with_dma 12.0]
Progress: Parameterizing module char_drawer
Progress: Adding alpha_blender [altera_up_avalon_video_alpha_blender 12.0]
Progress: Parameterizing module alpha_blender
Progress: Adding video_fifo [altera_up_avalon_video_dual_clock_buffer 12.0]
Progress: Parameterizing module video_fifo
Progress: Adding vga_controller [altera_up_avalon_video_vga_controller 12.0]
Progress: Parameterizing module vga_controller
Progress: Adding Altera_UP_SD_Card_Avalon_Interface_0 [Altera_UP_SD_Card_Avalon_Interface 1.0]
Progress: Parameterizing module Altera_UP_SD_Card_Avalon_Interface_0
Progress: Adding processorGpOut [altera_avalon_pio 12.0]
Progress: Parameterizing module processorGpOut
Progress: Adding processorGpIn [altera_avalon_pio 12.0]
Progress: Parameterizing module processorGpIn
Progress: Adding audio_0 [altera_up_avalon_audio 12.0]
Progress: Parameterizing module audio_0
Progress: Adding audio_and_video_config_0 [altera_up_avalon_audio_and_video_config 12.0]
Progress: Parameterizing module audio_and_video_config_0
Progress: Building connections
Progress: Parameterizing connections
Progress: Validating
Progress: Done reading input file
Info: nios_system.switches: PIO inputs are not hardwired in test bench. Undefined values will be read from PIO inputs during simulation.
Info: nios_system.keys: PIO inputs are not hardwired in test bench. Undefined values will be read from PIO inputs during simulation.
Info: nios_system.rgb_resampler: RGB Resampling: 16 (bits) x 1 (planes) -> 10 (bits) x 3 (planes)
Info: nios_system.scaler: Change in Resolution: 320 x 240 -> 640 x 480
Info: nios_system.char_drawer: Character Resolution: 80 x 60
Info: nios_system.vga_controller: Video Output Stream: Format: 640 x 480 with Color: 10 (bits) x 3 (planes)
Info: nios_system.processorGpIn: PIO inputs are not hardwired in test bench. Undefined values will be read from PIO inputs during simulation.
Info: ip-generate succeeded.
Info: Finished: Create block symbol file (.bsf)
Info: 
Info: Starting: Create HDL design files for synthesis
Info: ip-generate --project-directory=C:/Users/jorde_000/Documents/GitHub/LaserSharknado/HDL/ --output-directory=C:/Users/jorde_000/Documents/GitHub/LaserSharknado/HDL/nios_system/synthesis/ --file-set=QUARTUS_SYNTH --report-file=sopcinfo:C:/Users/jorde_000/Documents/GitHub/LaserSharknado/HDL/nios_system.sopcinfo --report-file=html:C:/Users/jorde_000/Documents/GitHub/LaserSharknado/HDL/nios_system.html --report-file=qip:C:/Users/jorde_000/Documents/GitHub/LaserSharknado/HDL/nios_system/synthesis/nios_system.qip --system-info=DEVICE_FAMILY="Cyclone II" --system-info=DEVICE=EP2C35F672C6 --system-info=DEVICE_SPEEDGRADE=6 --component-file=C:/Users/jorde_000/Documents/GitHub/LaserSharknado/HDL/nios_system.qsys
Progress: Loading HDL/nios_system.qsys
Progress: Reading input file
Progress: Adding clk_0 [clock_source 12.0]
Progress: Parameterizing module clk_0
Progress: Adding nios2_qsys_0 [altera_nios2_qsys 12.0]
Progress: Parameterizing module nios2_qsys_0
Progress: Adding switches [altera_avalon_pio 12.0]
Progress: Parameterizing module switches
Progress: Adding LEDs [altera_avalon_pio 12.0]
Progress: Parameterizing module LEDs
Progress: Adding jtag_uart_0 [altera_avalon_jtag_uart 12.0]
Progress: Parameterizing module jtag_uart_0
Progress: Adding sdram_0 [altera_avalon_new_sdram_controller 12.0]
Progress: Parameterizing module sdram_0
Progress: Adding character_lcd_0 [altera_up_avalon_character_lcd 12.0]
Progress: Parameterizing module character_lcd_0
Progress: Adding clocks [altera_up_clocks 12.0]
Progress: Parameterizing module clocks
Progress: Adding HAL_system_timer [altera_avalon_timer 12.0]
Progress: Parameterizing module HAL_system_timer
Progress: Adding timestamp_timer [altera_avalon_timer 12.0]
Progress: Parameterizing module timestamp_timer
Progress: Adding hardware_timer [altera_avalon_timer 12.0]
Progress: Parameterizing module hardware_timer
Progress: Adding keys [altera_avalon_pio 12.0]
Progress: Parameterizing module keys
Progress: Adding pixel_buffer [altera_up_avalon_sram 12.0]
Progress: Parameterizing module pixel_buffer
Progress: Adding pixel_buffer_dma [altera_up_avalon_video_pixel_buffer_dma 12.0]
Progress: Parameterizing module pixel_buffer_dma
Progress: Adding rgb_resampler [altera_up_avalon_video_rgb_resampler 12.0]
Progress: Parameterizing module rgb_resampler
Progress: Adding scaler [altera_up_avalon_video_scaler 12.0]
Progress: Parameterizing module scaler
Progress: Adding char_drawer [altera_up_avalon_video_character_buffer_with_dma 12.0]
Progress: Parameterizing module char_drawer
Progress: Adding alpha_blender [altera_up_avalon_video_alpha_blender 12.0]
Progress: Parameterizing module alpha_blender
Progress: Adding video_fifo [altera_up_avalon_video_dual_clock_buffer 12.0]
Progress: Parameterizing module video_fifo
Progress: Adding vga_controller [altera_up_avalon_video_vga_controller 12.0]
Progress: Parameterizing module vga_controller
Progress: Adding Altera_UP_SD_Card_Avalon_Interface_0 [Altera_UP_SD_Card_Avalon_Interface 1.0]
Progress: Parameterizing module Altera_UP_SD_Card_Avalon_Interface_0
Progress: Adding processorGpOut [altera_avalon_pio 12.0]
Progress: Parameterizing module processorGpOut
Progress: Adding processorGpIn [altera_avalon_pio 12.0]
Progress: Parameterizing module processorGpIn
Progress: Adding audio_0 [altera_up_avalon_audio 12.0]
Progress: Parameterizing module audio_0
Progress: Adding audio_and_video_config_0 [altera_up_avalon_audio_and_video_config 12.0]
Progress: Parameterizing module audio_and_video_config_0
Progress: Building connections
Progress: Parameterizing connections
Progress: Validating
Progress: Done reading input file
Info: nios_system.switches: PIO inputs are not hardwired in test bench. Undefined values will be read from PIO inputs during simulation.
Info: nios_system.keys: PIO inputs are not hardwired in test bench. Undefined values will be read from PIO inputs during simulation.
Info: nios_system.rgb_resampler: RGB Resampling: 16 (bits) x 1 (planes) -> 10 (bits) x 3 (planes)
Info: nios_system.scaler: Change in Resolution: 320 x 240 -> 640 x 480
Info: nios_system.char_drawer: Character Resolution: 80 x 60
Info: nios_system.vga_controller: Video Output Stream: Format: 640 x 480 with Color: 10 (bits) x 3 (planes)
Info: nios_system.processorGpIn: PIO inputs are not hardwired in test bench. Undefined values will be read from PIO inputs during simulation.
Info: nios_system: Generating nios_system "nios_system" for QUARTUS_SYNTH
Info: pipeline_bridge_swap_transform: After transform: 25 modules, 106 connections
Info: No custom instruction connections, skipping transform 
Info: merlin_translator_transform: After transform: 47 modules, 192 connections
Info: merlin_domain_transform: After transform: 93 modules, 492 connections
Info: merlin_router_transform: After transform: 115 modules, 578 connections
Info: merlin_traffic_limiter_transform: After transform: 117 modules, 588 connections
Info: merlin_burst_transform: After transform: 121 modules, 603 connections
Info: reset_adaptation_transform: After transform: 125 modules, 485 connections
Info: merlin_network_to_switch_transform: After transform: 168 modules, 573 connections
Info: merlin_width_transform: After transform: 178 modules, 603 connections
Info: Inserting clock-crossing logic between cmd_xbar_demux_001.src15 and cmd_xbar_mux_015.sink0
Info: Inserting clock-crossing logic between cmd_xbar_demux_001.src16 and cmd_xbar_mux_016.sink0
Info: Inserting clock-crossing logic between cmd_xbar_demux_001.src17 and cmd_xbar_mux_017.sink0
Info: Inserting clock-crossing logic between cmd_xbar_demux_001.src18 and cmd_xbar_mux_018.sink0
Info: Inserting clock-crossing logic between rsp_xbar_demux_015.src0 and rsp_xbar_mux_001.sink15
Info: Inserting clock-crossing logic between rsp_xbar_demux_016.src0 and rsp_xbar_mux_001.sink16
Info: Inserting clock-crossing logic between rsp_xbar_demux_017.src0 and rsp_xbar_mux_001.sink17
Info: Inserting clock-crossing logic between rsp_xbar_demux_018.src0 and rsp_xbar_mux_001.sink18
Info: com_altera_sopcmodel_transforms_avalon_ClockCrossingTransform: After transform: 186 modules, 643 connections
Info: limiter_update_transform: After transform: 186 modules, 645 connections
Info: merlin_interrupt_mapper_transform: After transform: 187 modules, 648 connections
Info: merlin_interrupt_sync_transform: After transform: 188 modules, 653 connections
Info: nios2_qsys_0: Starting RTL generation for module 'nios_system_nios2_qsys_0'
Info: nios2_qsys_0:   Generation command is [exec F:/windowsstuff/12.0/quartus/../ip/altera/nios2_ip/altera_nios2/eperl.exe -I F:/windowsstuff/12.0/quartus/common/ip/altera/common/perl/5.8.3 -I F:/windowsstuff/12.0/quartus/sopc_builder/bin/europa -I F:/windowsstuff/12.0/quartus/sopc_builder/bin/perl_lib -I F:/windowsstuff/12.0/quartus/sopc_builder/bin -I F:/windowsstuff/12.0/quartus/../ip/altera/nios2_ip/altera_nios2/cpu_lib -I F:/windowsstuff/12.0/quartus/../ip/altera/nios2_ip/altera_nios2/nios_lib -I F:/windowsstuff/12.0/quartus/../ip/altera/nios2_ip/altera_nios2 -I F:/windowsstuff/12.0/quartus/../ip/altera/nios2_ip/altera_nios2 -- F:/windowsstuff/12.0/quartus/../ip/altera/nios2_ip/altera_nios2/generate_rtl.epl --name=nios_system_nios2_qsys_0 --dir=C:/Users/JORDE_~1/AppData/Local/Temp/alt5974_3380725646579382974.dir/0003_nios2_qsys_0_gen/ --quartus_dir=F:/windowsstuff/12.0/quartus --verilog --config=C:/Users/JORDE_~1/AppData/Local/Temp/alt5974_3380725646579382974.dir/0003_nios2_qsys_0_gen//nios_system_nios2_qsys_0_processor_configuration.pl  --do_build_sim=0    --bogus  ]
Info: nios2_qsys_0: # 2013.09.26 16:47:30 (*) Starting Nios II generation
Info: nios2_qsys_0: # 2013.09.26 16:47:30 (*)   Checking for encrypted license (non-evaluation).
Info: nios2_qsys_0: # 2013.09.26 16:47:30 (*)   Couldn't query license setup in Quartus directory F:/windowsstuff/12.0/quartus
Info: nios2_qsys_0: # 2013.09.26 16:47:30 (*)   Defaulting to contents of LM_LICENSE_FILE environment variable
Info: nios2_qsys_0: # 2013.09.26 16:47:30 (*)   LM_LICENSE_FILE environment variable is empty
Info: nios2_qsys_0: # 2013.09.26 16:47:30 (*)   Encrypted license not found.  Defaulting to OCP evaluation license (produces a time-limited SOF)
Info: nios2_qsys_0: # 2013.09.26 16:47:30 (*)   Elaborating CPU configuration settings
Info: nios2_qsys_0: # 2013.09.26 16:47:30 (*)   Creating all objects for CPU
Info: nios2_qsys_0: # 2013.09.26 16:47:30 (*)     Testbench
Info: nios2_qsys_0: # 2013.09.26 16:47:30 (*)     Instruction decoding
Info: nios2_qsys_0: # 2013.09.26 16:47:30 (*)       Instruction fields
Info: nios2_qsys_0: # 2013.09.26 16:47:31 (*)       Instruction decodes
Info: nios2_qsys_0: # 2013.09.26 16:47:31 (*)       Signals for RTL simulation waveforms
Info: nios2_qsys_0: # 2013.09.26 16:47:31 (*)       Instruction controls
Info: nios2_qsys_0: # 2013.09.26 16:47:31 (*)     Pipeline frontend
Info: nios2_qsys_0: # 2013.09.26 16:47:32 (*)     Pipeline backend
Info: nios2_qsys_0: # 2013.09.26 16:47:35 (*)   Generating RTL from CPU objects
Info: nios2_qsys_0: # 2013.09.26 16:47:38 (*)   Creating encrypted RTL
Info: nios2_qsys_0: # 2013.09.26 16:47:39 (*) Done Nios II generation
Info: nios2_qsys_0: Done RTL generation for module 'nios_system_nios2_qsys_0'
Info: nios2_qsys_0: "nios_system" instantiated altera_nios2_qsys "nios2_qsys_0"
Info: Starting classic module elaboration.
Qt: Untested Windows version 6.2 detected!
"f:/windowsstuff/12.0/quartus/bin/jre/bin/java.exe" -Xmx512M -classpath "f:/windowsstuff/12.0/quartus/sopc_builder/bin/sopc_builder.jar;f:/windowsstuff/12.0/quartus/sopc_builder/bin/PinAssigner.jar;f:/windowsstuff/12.0/quartus/sopc_builder/bin/sopc_wizard.jar;f:/windowsstuff/12.0/quartus/sopc_builder/bin/jptf.jar" sopc_builder.sopc_builder  -d"f:/windowsstuff/12.0/quartus/sopc_builder" -notalkback=1 -projectnameyysystem.qpf -projectpathC:/Users/JORDE_~1/AppData/Local/Temp/alt5974_3380725646579382974.dir/0004_sopclgen  --no_splash --refresh C:/Users/JORDE_~1/AppData/Local/Temp/alt5974_3380725646579382974.dir/0004_sopclgen/yysystem.v --quartus_dir="f:/windowsstuff/12.0/quartus" --sopc_perl="f:/windowsstuff/12.0/quartus/bin/perl" --sopc_lib_path="++f:/windowsstuff/12.0/quartus/../ip/altera/sopc_builder_ip+f:/windowsstuff/12.0/quartus/../ip/altera/nios2_ip"
Info: Finished elaborating classic module.
Executing: F:/windowsstuff/12.0/quartus//sopc_builder/bin/sopc_builder --classic --generate C:/Users/JORDE_~1/AppData/Local/Temp/alt5974_3380725646579382974.dir/0004_sopclgen/yysystem.ptf
Info: Running sopc_builder...
Qt: Untested Windows version 6.2 detected!
"f:/windowsstuff/12.0/quartus/bin/jre/bin/java.exe" -Xmx512M -classpath "f:/windowsstuff/12.0/quartus/sopc_builder/bin/sopc_builder.jar;f:/windowsstuff/12.0/quartus/sopc_builder/bin/PinAssigner.jar;f:/windowsstuff/12.0/quartus/sopc_builder/bin/sopc_wizard.jar;f:/windowsstuff/12.0/quartus/sopc_builder/bin/jptf.jar" sopc_builder.sopc_builder  -d"f:/windowsstuff/12.0/quartus/sopc_builder" -notalkback=1 -projectnameyysystem.qpf -projectpathC:/Users/JORDE_~1/AppData/Local/Temp/alt5974_3380725646579382974.dir/0004_sopclgen  --generate C:/Users/JORDE_~1/AppData/Local/Temp/alt5974_3380725646579382974.dir/0004_sopclgen/yysystem.v --quartus_dir="f:/windowsstuff/12.0/quartus" --sopc_perl="f:/windowsstuff/12.0/quartus/bin/perl" --sopc_lib_path="++f:/windowsstuff/12.0/quartus/../ip/altera/sopc_builder_ip+f:/windowsstuff/12.0/quartus/../ip/altera/nios2_ip"
No .sopc_builder configuration file(!)
.
# 2013.09.26 16:47:48 (*) Success: sopc_builder finished.
Info: switches: "nios_system" instantiated altera_avalon_pio "switches"
Info: Starting classic module elaboration.
Qt: Untested Windows version 6.2 detected!
"f:/windowsstuff/12.0/quartus/bin/jre/bin/java.exe" -Xmx512M -classpath "f:/windowsstuff/12.0/quartus/sopc_builder/bin/sopc_builder.jar;f:/windowsstuff/12.0/quartus/sopc_builder/bin/PinAssigner.jar;f:/windowsstuff/12.0/quartus/sopc_builder/bin/sopc_wizard.jar;f:/windowsstuff/12.0/quartus/sopc_builder/bin/jptf.jar" sopc_builder.sopc_builder  -d"f:/windowsstuff/12.0/quartus/sopc_builder" -notalkback=1 -projectnameyysystem.qpf -projectpathC:/Users/JORDE_~1/AppData/Local/Temp/alt5974_3380725646579382974.dir/0005_sopclgen  --no_splash --refresh C:/Users/JORDE_~1/AppData/Local/Temp/alt5974_3380725646579382974.dir/0005_sopclgen/yysystem.v --quartus_dir="f:/windowsstuff/12.0/quartus" --sopc_perl="f:/windowsstuff/12.0/quartus/bin/perl" --sopc_lib_path="++f:/windowsstuff/12.0/quartus/../ip/altera/sopc_builder_ip+f:/windowsstuff/12.0/quartus/../ip/altera/nios2_ip"
Info: Finished elaborating classic module.
Executing: F:/windowsstuff/12.0/quartus//sopc_builder/bin/sopc_builder --classic --generate C:/Users/JORDE_~1/AppData/Local/Temp/alt5974_3380725646579382974.dir/0005_sopclgen/yysystem.ptf
Info: Running sopc_builder...
Qt: Untested Windows version 6.2 detected!
"f:/windowsstuff/12.0/quartus/bin/jre/bin/java.exe" -Xmx512M -classpath "f:/windowsstuff/12.0/quartus/sopc_builder/bin/sopc_builder.jar;f:/windowsstuff/12.0/quartus/sopc_builder/bin/PinAssigner.jar;f:/windowsstuff/12.0/quartus/sopc_builder/bin/sopc_wizard.jar;f:/windowsstuff/12.0/quartus/sopc_builder/bin/jptf.jar" sopc_builder.sopc_builder  -d"f:/windowsstuff/12.0/quartus/sopc_builder" -notalkback=1 -projectnameyysystem.qpf -projectpathC:/Users/JORDE_~1/AppData/Local/Temp/alt5974_3380725646579382974.dir/0005_sopclgen  --generate C:/Users/JORDE_~1/AppData/Local/Temp/alt5974_3380725646579382974.dir/0005_sopclgen/yysystem.v --quartus_dir="f:/windowsstuff/12.0/quartus" --sopc_perl="f:/windowsstuff/12.0/quartus/bin/perl" --sopc_lib_path="++f:/windowsstuff/12.0/quartus/../ip/altera/sopc_builder_ip+f:/windowsstuff/12.0/quartus/../ip/altera/nios2_ip"
No .sopc_builder configuration file(!)
.
# 2013.09.26 16:47:57 (*) Success: sopc_builder finished.
Info: LEDs: "nios_system" instantiated altera_avalon_pio "LEDs"
Info: Starting classic module elaboration.
Qt: Untested Windows version 6.2 detected!
"f:/windowsstuff/12.0/quartus/bin/jre/bin/java.exe" -Xmx512M -classpath "f:/windowsstuff/12.0/quartus/sopc_builder/bin/sopc_builder.jar;f:/windowsstuff/12.0/quartus/sopc_builder/bin/PinAssigner.jar;f:/windowsstuff/12.0/quartus/sopc_builder/bin/sopc_wizard.jar;f:/windowsstuff/12.0/quartus/sopc_builder/bin/jptf.jar" sopc_builder.sopc_builder  -d"f:/windowsstuff/12.0/quartus/sopc_builder" -notalkback=1 -projectnameyysystem.qpf -projectpathC:/Users/JORDE_~1/AppData/Local/Temp/alt5974_3380725646579382974.dir/0006_sopclgen  --no_splash --refresh C:/Users/JORDE_~1/AppData/Local/Temp/alt5974_3380725646579382974.dir/0006_sopclgen/yysystem.v --quartus_dir="f:/windowsstuff/12.0/quartus" --sopc_perl="f:/windowsstuff/12.0/quartus/bin/perl" --sopc_lib_path="++f:/windowsstuff/12.0/quartus/../ip/altera/sopc_builder_ip+f:/windowsstuff/12.0/quartus/../ip/altera/nios2_ip"
Info: Finished elaborating classic module.
Executing: F:/windowsstuff/12.0/quartus//sopc_builder/bin/sopc_builder --classic --generate C:/Users/JORDE_~1/AppData/Local/Temp/alt5974_3380725646579382974.dir/0006_sopclgen/yysystem.ptf
Info: Running sopc_builder...
Qt: Untested Windows version 6.2 detected!
"f:/windowsstuff/12.0/quartus/bin/jre/bin/java.exe" -Xmx512M -classpath "f:/windowsstuff/12.0/quartus/sopc_builder/bin/sopc_builder.jar;f:/windowsstuff/12.0/quartus/sopc_builder/bin/PinAssigner.jar;f:/windowsstuff/12.0/quartus/sopc_builder/bin/sopc_wizard.jar;f:/windowsstuff/12.0/quartus/sopc_builder/bin/jptf.jar" sopc_builder.sopc_builder  -d"f:/windowsstuff/12.0/quartus/sopc_builder" -notalkback=1 -projectnameyysystem.qpf -projectpathC:/Users/JORDE_~1/AppData/Local/Temp/alt5974_3380725646579382974.dir/0006_sopclgen  --generate C:/Users/JORDE_~1/AppData/Local/Temp/alt5974_3380725646579382974.dir/0006_sopclgen/yysystem.v --quartus_dir="f:/windowsstuff/12.0/quartus" --sopc_perl="f:/windowsstuff/12.0/quartus/bin/perl" --sopc_lib_path="++f:/windowsstuff/12.0/quartus/../ip/altera/sopc_builder_ip+f:/windowsstuff/12.0/quartus/../ip/altera/nios2_ip"
No .sopc_builder configuration file(!)
.
# 2013.09.26 16:48:06 (*) Success: sopc_builder finished.
Info: jtag_uart_0: "nios_system" instantiated altera_avalon_jtag_uart "jtag_uart_0"
Info: Starting classic module elaboration.
Qt: Untested Windows version 6.2 detected!
"f:/windowsstuff/12.0/quartus/bin/jre/bin/java.exe" -Xmx512M -classpath "f:/windowsstuff/12.0/quartus/sopc_builder/bin/sopc_builder.jar;f:/windowsstuff/12.0/quartus/sopc_builder/bin/PinAssigner.jar;f:/windowsstuff/12.0/quartus/sopc_builder/bin/sopc_wizard.jar;f:/windowsstuff/12.0/quartus/sopc_builder/bin/jptf.jar" sopc_builder.sopc_builder  -d"f:/windowsstuff/12.0/quartus/sopc_builder" -notalkback=1 -projectnameyysystem.qpf -projectpathC:/Users/JORDE_~1/AppData/Local/Temp/alt5974_3380725646579382974.dir/0007_sopclgen  --no_splash --refresh C:/Users/JORDE_~1/AppData/Local/Temp/alt5974_3380725646579382974.dir/0007_sopclgen/yysystem.v --quartus_dir="f:/windowsstuff/12.0/quartus" --sopc_perl="f:/windowsstuff/12.0/quartus/bin/perl" --sopc_lib_path="++f:/windowsstuff/12.0/quartus/../ip/altera/sopc_builder_ip+f:/windowsstuff/12.0/quartus/../ip/altera/nios2_ip"
Info: Finished elaborating classic module.
Executing: F:/windowsstuff/12.0/quartus//sopc_builder/bin/sopc_builder --classic --generate C:/Users/JORDE_~1/AppData/Local/Temp/alt5974_3380725646579382974.dir/0007_sopclgen/yysystem.ptf
Info: Running sopc_builder...
Qt: Untested Windows version 6.2 detected!
"f:/windowsstuff/12.0/quartus/bin/jre/bin/java.exe" -Xmx512M -classpath "f:/windowsstuff/12.0/quartus/sopc_builder/bin/sopc_builder.jar;f:/windowsstuff/12.0/quartus/sopc_builder/bin/PinAssigner.jar;f:/windowsstuff/12.0/quartus/sopc_builder/bin/sopc_wizard.jar;f:/windowsstuff/12.0/quartus/sopc_builder/bin/jptf.jar" sopc_builder.sopc_builder  -d"f:/windowsstuff/12.0/quartus/sopc_builder" -notalkback=1 -projectnameyysystem.qpf -projectpathC:/Users/JORDE_~1/AppData/Local/Temp/alt5974_3380725646579382974.dir/0007_sopclgen  --generate C:/Users/JORDE_~1/AppData/Local/Temp/alt5974_3380725646579382974.dir/0007_sopclgen/yysystem.v --quartus_dir="f:/windowsstuff/12.0/quartus" --sopc_perl="f:/windowsstuff/12.0/quartus/bin/perl" --sopc_lib_path="++f:/windowsstuff/12.0/quartus/../ip/altera/sopc_builder_ip+f:/windowsstuff/12.0/quartus/../ip/altera/nios2_ip"
No .sopc_builder configuration file(!)
.
.
# 2013.09.26 16:48:15 (*) Running Test Generator Program for nios_system_sdram_0
# 2013.09.26 16:48:16 (*) Success: sopc_builder finished.
Info: sdram_0: "nios_system" instantiated altera_avalon_new_sdram_controller "sdram_0"
Info: character_lcd_0: Starting Generation of Character LCD
Info: character_lcd_0: "nios_system" instantiated altera_up_avalon_character_lcd "character_lcd_0"
Info: clocks: Starting Generation of Required Clocks for DE-Series Boards
Info: clocks: "nios_system" instantiated altera_up_clocks "clocks"
Info: Starting classic module elaboration.
Qt: Untested Windows version 6.2 detected!
"f:/windowsstuff/12.0/quartus/bin/jre/bin/java.exe" -Xmx512M -classpath "f:/windowsstuff/12.0/quartus/sopc_builder/bin/sopc_builder.jar;f:/windowsstuff/12.0/quartus/sopc_builder/bin/PinAssigner.jar;f:/windowsstuff/12.0/quartus/sopc_builder/bin/sopc_wizard.jar;f:/windowsstuff/12.0/quartus/sopc_builder/bin/jptf.jar" sopc_builder.sopc_builder  -d"f:/windowsstuff/12.0/quartus/sopc_builder" -notalkback=1 -projectnameyysystem.qpf -projectpathC:/Users/JORDE_~1/AppData/Local/Temp/alt5974_3380725646579382974.dir/0010_sopclgen  --no_splash --refresh C:/Users/JORDE_~1/AppData/Local/Temp/alt5974_3380725646579382974.dir/0010_sopclgen/yysystem.v --quartus_dir="f:/windowsstuff/12.0/quartus" --sopc_perl="f:/windowsstuff/12.0/quartus/bin/perl" --sopc_lib_path="++f:/windowsstuff/12.0/quartus/../ip/altera/sopc_builder_ip+f:/windowsstuff/12.0/quartus/../ip/altera/nios2_ip"
Info: Finished elaborating classic module.
Executing: F:/windowsstuff/12.0/quartus//sopc_builder/bin/sopc_builder --classic --generate C:/Users/JORDE_~1/AppData/Local/Temp/alt5974_3380725646579382974.dir/0010_sopclgen/yysystem.ptf
Info: Running sopc_builder...
Qt: Untested Windows version 6.2 detected!
"f:/windowsstuff/12.0/quartus/bin/jre/bin/java.exe" -Xmx512M -classpath "f:/windowsstuff/12.0/quartus/sopc_builder/bin/sopc_builder.jar;f:/windowsstuff/12.0/quartus/sopc_builder/bin/PinAssigner.jar;f:/windowsstuff/12.0/quartus/sopc_builder/bin/sopc_wizard.jar;f:/windowsstuff/12.0/quartus/sopc_builder/bin/jptf.jar" sopc_builder.sopc_builder  -d"f:/windowsstuff/12.0/quartus/sopc_builder" -notalkback=1 -projectnameyysystem.qpf -projectpathC:/Users/JORDE_~1/AppData/Local/Temp/alt5974_3380725646579382974.dir/0010_sopclgen  --generate C:/Users/JORDE_~1/AppData/Local/Temp/alt5974_3380725646579382974.dir/0010_sopclgen/yysystem.v --quartus_dir="f:/windowsstuff/12.0/quartus" --sopc_perl="f:/windowsstuff/12.0/quartus/bin/perl" --sopc_lib_path="++f:/windowsstuff/12.0/quartus/../ip/altera/sopc_builder_ip+f:/windowsstuff/12.0/quartus/../ip/altera/nios2_ip"
No .sopc_builder configuration file(!)
.
# 2013.09.26 16:48:25 (*) Success: sopc_builder finished.
Info: HAL_system_timer: "nios_system" instantiated altera_avalon_timer "HAL_system_timer"
Info: Starting classic module elaboration.
Qt: Untested Windows version 6.2 detected!
"f:/windowsstuff/12.0/quartus/bin/jre/bin/java.exe" -Xmx512M -classpath "f:/windowsstuff/12.0/quartus/sopc_builder/bin/sopc_builder.jar;f:/windowsstuff/12.0/quartus/sopc_builder/bin/PinAssigner.jar;f:/windowsstuff/12.0/quartus/sopc_builder/bin/sopc_wizard.jar;f:/windowsstuff/12.0/quartus/sopc_builder/bin/jptf.jar" sopc_builder.sopc_builder  -d"f:/windowsstuff/12.0/quartus/sopc_builder" -notalkback=1 -projectnameyysystem.qpf -projectpathC:/Users/JORDE_~1/AppData/Local/Temp/alt5974_3380725646579382974.dir/0011_sopclgen  --no_splash --refresh C:/Users/JORDE_~1/AppData/Local/Temp/alt5974_3380725646579382974.dir/0011_sopclgen/yysystem.v --quartus_dir="f:/windowsstuff/12.0/quartus" --sopc_perl="f:/windowsstuff/12.0/quartus/bin/perl" --sopc_lib_path="++f:/windowsstuff/12.0/quartus/../ip/altera/sopc_builder_ip+f:/windowsstuff/12.0/quartus/../ip/altera/nios2_ip"
Info: Finished elaborating classic module.
Executing: F:/windowsstuff/12.0/quartus//sopc_builder/bin/sopc_builder --classic --generate C:/Users/JORDE_~1/AppData/Local/Temp/alt5974_3380725646579382974.dir/0011_sopclgen/yysystem.ptf
Info: Running sopc_builder...
Qt: Untested Windows version 6.2 detected!
"f:/windowsstuff/12.0/quartus/bin/jre/bin/java.exe" -Xmx512M -classpath "f:/windowsstuff/12.0/quartus/sopc_builder/bin/sopc_builder.jar;f:/windowsstuff/12.0/quartus/sopc_builder/bin/PinAssigner.jar;f:/windowsstuff/12.0/quartus/sopc_builder/bin/sopc_wizard.jar;f:/windowsstuff/12.0/quartus/sopc_builder/bin/jptf.jar" sopc_builder.sopc_builder  -d"f:/windowsstuff/12.0/quartus/sopc_builder" -notalkback=1 -projectnameyysystem.qpf -projectpathC:/Users/JORDE_~1/AppData/Local/Temp/alt5974_3380725646579382974.dir/0011_sopclgen  --generate C:/Users/JORDE_~1/AppData/Local/Temp/alt5974_3380725646579382974.dir/0011_sopclgen/yysystem.v --quartus_dir="f:/windowsstuff/12.0/quartus" --sopc_perl="f:/windowsstuff/12.0/quartus/bin/perl" --sopc_lib_path="++f:/windowsstuff/12.0/quartus/../ip/altera/sopc_builder_ip+f:/windowsstuff/12.0/quartus/../ip/altera/nios2_ip"
No .sopc_builder configuration file(!)
.
# 2013.09.26 16:48:34 (*) Success: sopc_builder finished.
Info: keys: "nios_system" instantiated altera_avalon_pio "keys"
Info: pixel_buffer: Starting Generation of SRAM or SSRAM Controller
Info: pixel_buffer: "nios_system" instantiated altera_up_avalon_sram "pixel_buffer"
Info: pixel_buffer_dma: Starting Generation of VGA Pixel Buffer
Info: pixel_buffer_dma: "nios_system" instantiated altera_up_avalon_video_pixel_buffer_dma "pixel_buffer_dma"
Info: rgb_resampler: Starting Generation of Video RGB Resampler
Info: rgb_resampler: "nios_system" instantiated altera_up_avalon_video_rgb_resampler "rgb_resampler"
Info: scaler: Starting Generation of Video Scaler
Info: scaler: "nios_system" instantiated altera_up_avalon_video_scaler "scaler"
Info: char_drawer: Starting Generation of Character Buffer
Info: char_drawer: "nios_system" instantiated altera_up_avalon_video_character_buffer_with_dma "char_drawer"
Info: alpha_blender: Starting Generation of the Alpha Blender
Info: alpha_blender: "nios_system" instantiated altera_up_avalon_video_alpha_blender "alpha_blender"
Info: video_fifo: Starting Generation of the Dual Clock Buffer
Info: video_fifo: "nios_system" instantiated altera_up_avalon_video_dual_clock_buffer "video_fifo"
Info: vga_controller: Starting Generation of VGA Controller
Info: vga_controller: "nios_system" instantiated altera_up_avalon_video_vga_controller "vga_controller"
Info: Altera_UP_SD_Card_Avalon_Interface_0: "nios_system" instantiated Altera_UP_SD_Card_Avalon_Interface "Altera_UP_SD_Card_Avalon_Interface_0"
Info: Starting classic module elaboration.
Qt: Untested Windows version 6.2 detected!
"f:/windowsstuff/12.0/quartus/bin/jre/bin/java.exe" -Xmx512M -classpath "f:/windowsstuff/12.0/quartus/sopc_builder/bin/sopc_builder.jar;f:/windowsstuff/12.0/quartus/sopc_builder/bin/PinAssigner.jar;f:/windowsstuff/12.0/quartus/sopc_builder/bin/sopc_wizard.jar;f:/windowsstuff/12.0/quartus/sopc_builder/bin/jptf.jar" sopc_builder.sopc_builder  -d"f:/windowsstuff/12.0/quartus/sopc_builder" -notalkback=1 -projectnameyysystem.qpf -projectpathC:/Users/JORDE_~1/AppData/Local/Temp/alt5974_3380725646579382974.dir/0020_sopclgen  --no_splash --refresh C:/Users/JORDE_~1/AppData/Local/Temp/alt5974_3380725646579382974.dir/0020_sopclgen/yysystem.v --quartus_dir="f:/windowsstuff/12.0/quartus" --sopc_perl="f:/windowsstuff/12.0/quartus/bin/perl" --sopc_lib_path="++f:/windowsstuff/12.0/quartus/../ip/altera/sopc_builder_ip+f:/windowsstuff/12.0/quartus/../ip/altera/nios2_ip"
Info: Finished elaborating classic module.
Executing: F:/windowsstuff/12.0/quartus//sopc_builder/bin/sopc_builder --classic --generate C:/Users/JORDE_~1/AppData/Local/Temp/alt5974_3380725646579382974.dir/0020_sopclgen/yysystem.ptf
Info: Running sopc_builder...
Qt: Untested Windows version 6.2 detected!
"f:/windowsstuff/12.0/quartus/bin/jre/bin/java.exe" -Xmx512M -classpath "f:/windowsstuff/12.0/quartus/sopc_builder/bin/sopc_builder.jar;f:/windowsstuff/12.0/quartus/sopc_builder/bin/PinAssigner.jar;f:/windowsstuff/12.0/quartus/sopc_builder/bin/sopc_wizard.jar;f:/windowsstuff/12.0/quartus/sopc_builder/bin/jptf.jar" sopc_builder.sopc_builder  -d"f:/windowsstuff/12.0/quartus/sopc_builder" -notalkback=1 -projectnameyysystem.qpf -projectpathC:/Users/JORDE_~1/AppData/Local/Temp/alt5974_3380725646579382974.dir/0020_sopclgen  --generate C:/Users/JORDE_~1/AppData/Local/Temp/alt5974_3380725646579382974.dir/0020_sopclgen/yysystem.v --quartus_dir="f:/windowsstuff/12.0/quartus" --sopc_perl="f:/windowsstuff/12.0/quartus/bin/perl" --sopc_lib_path="++f:/windowsstuff/12.0/quartus/../ip/altera/sopc_builder_ip+f:/windowsstuff/12.0/quartus/../ip/altera/nios2_ip"
No .sopc_builder configuration file(!)
.
# 2013.09.26 16:48:43 (*) Success: sopc_builder finished.
Info: processorGpOut: "nios_system" instantiated altera_avalon_pio "processorGpOut"
Info: Starting classic module elaboration.
Qt: Untested Windows version 6.2 detected!
"f:/windowsstuff/12.0/quartus/bin/jre/bin/java.exe" -Xmx512M -classpath "f:/windowsstuff/12.0/quartus/sopc_builder/bin/sopc_builder.jar;f:/windowsstuff/12.0/quartus/sopc_builder/bin/PinAssigner.jar;f:/windowsstuff/12.0/quartus/sopc_builder/bin/sopc_wizard.jar;f:/windowsstuff/12.0/quartus/sopc_builder/bin/jptf.jar" sopc_builder.sopc_builder  -d"f:/windowsstuff/12.0/quartus/sopc_builder" -notalkback=1 -projectnameyysystem.qpf -projectpathC:/Users/JORDE_~1/AppData/Local/Temp/alt5974_3380725646579382974.dir/0021_sopclgen  --no_splash --refresh C:/Users/JORDE_~1/AppData/Local/Temp/alt5974_3380725646579382974.dir/0021_sopclgen/yysystem.v --quartus_dir="f:/windowsstuff/12.0/quartus" --sopc_perl="f:/windowsstuff/12.0/quartus/bin/perl" --sopc_lib_path="++f:/windowsstuff/12.0/quartus/../ip/altera/sopc_builder_ip+f:/windowsstuff/12.0/quartus/../ip/altera/nios2_ip"
Info: Finished elaborating classic module.
Executing: F:/windowsstuff/12.0/quartus//sopc_builder/bin/sopc_builder --classic --generate C:/Users/JORDE_~1/AppData/Local/Temp/alt5974_3380725646579382974.dir/0021_sopclgen/yysystem.ptf
Info: Running sopc_builder...
Qt: Untested Windows version 6.2 detected!
"f:/windowsstuff/12.0/quartus/bin/jre/bin/java.exe" -Xmx512M -classpath "f:/windowsstuff/12.0/quartus/sopc_builder/bin/sopc_builder.jar;f:/windowsstuff/12.0/quartus/sopc_builder/bin/PinAssigner.jar;f:/windowsstuff/12.0/quartus/sopc_builder/bin/sopc_wizard.jar;f:/windowsstuff/12.0/quartus/sopc_builder/bin/jptf.jar" sopc_builder.sopc_builder  -d"f:/windowsstuff/12.0/quartus/sopc_builder" -notalkback=1 -projectnameyysystem.qpf -projectpathC:/Users/JORDE_~1/AppData/Local/Temp/alt5974_3380725646579382974.dir/0021_sopclgen  --generate C:/Users/JORDE_~1/AppData/Local/Temp/alt5974_3380725646579382974.dir/0021_sopclgen/yysystem.v --quartus_dir="f:/windowsstuff/12.0/quartus" --sopc_perl="f:/windowsstuff/12.0/quartus/bin/perl" --sopc_lib_path="++f:/windowsstuff/12.0/quartus/../ip/altera/sopc_builder_ip+f:/windowsstuff/12.0/quartus/../ip/altera/nios2_ip"
No .sopc_builder configuration file(!)
.
# 2013.09.26 16:48:52 (*) Success: sopc_builder finished.
Info: processorGpIn: "nios_system" instantiated altera_avalon_pio "processorGpIn"
Info: audio_0: Starting Generation of Audio Controller
Info: audio_0: "nios_system" instantiated altera_up_avalon_audio "audio_0"
Info: audio_and_video_config_0: Starting Generation of Audio and Video Config
Info: audio_and_video_config_0: "nios_system" instantiated altera_up_avalon_audio_and_video_config "audio_and_video_config_0"
Info: nios2_qsys_0_instruction_master_translator: "nios_system" instantiated altera_merlin_master_translator "nios2_qsys_0_instruction_master_translator"
Info: nios2_qsys_0_jtag_debug_module_translator: "nios_system" instantiated altera_merlin_slave_translator "nios2_qsys_0_jtag_debug_module_translator"
Info: nios2_qsys_0_instruction_master_translator_avalon_universal_master_0_agent: "nios_system" instantiated altera_merlin_master_agent "nios2_qsys_0_instruction_master_translator_avalon_universal_master_0_agent"
Info: nios2_qsys_0_jtag_debug_module_translator_avalon_universal_slave_0_agent: "nios_system" instantiated altera_merlin_slave_agent "nios2_qsys_0_jtag_debug_module_translator_avalon_universal_slave_0_agent"
Info: nios2_qsys_0_jtag_debug_module_translator_avalon_universal_slave_0_agent_rsp_fifo: "nios_system" instantiated altera_avalon_sc_fifo "nios2_qsys_0_jtag_debug_module_translator_avalon_universal_slave_0_agent_rsp_fifo"
Info: addr_router: "nios_system" instantiated altera_merlin_router "addr_router"
Info: addr_router_001: "nios_system" instantiated altera_merlin_router "addr_router_001"
Info: addr_router_002: "nios_system" instantiated altera_merlin_router "addr_router_002"
Info: id_router: "nios_system" instantiated altera_merlin_router "id_router"
Info: id_router_001: "nios_system" instantiated altera_merlin_router "id_router_001"
Info: id_router_002: "nios_system" instantiated altera_merlin_router "id_router_002"
Info: id_router_003: "nios_system" instantiated altera_merlin_router "id_router_003"
Info: id_router_010: "nios_system" instantiated altera_merlin_router "id_router_010"
Info: limiter: "nios_system" instantiated altera_merlin_traffic_limiter "limiter"
Info: burst_adapter: "nios_system" instantiated altera_merlin_burst_adapter "burst_adapter"
Info: rst_controller: "nios_system" instantiated altera_reset_controller "rst_controller"
Info: cmd_xbar_demux: "nios_system" instantiated altera_merlin_demultiplexer "cmd_xbar_demux"
Info: cmd_xbar_demux_001: "nios_system" instantiated altera_merlin_demultiplexer "cmd_xbar_demux_001"
Info: cmd_xbar_demux_002: "nios_system" instantiated altera_merlin_demultiplexer "cmd_xbar_demux_002"
Info: cmd_xbar_mux: "nios_system" instantiated altera_merlin_multiplexer "cmd_xbar_mux"
Info: cmd_xbar_mux_001: "nios_system" instantiated altera_merlin_multiplexer "cmd_xbar_mux_001"
Info: Reusing file C:/Users/jorde_000/Documents/GitHub/LaserSharknado/HDL/nios_system/synthesis/submodules/altera_merlin_arbitrator.sv
Info: rsp_xbar_demux: "nios_system" instantiated altera_merlin_demultiplexer "rsp_xbar_demux"
Info: rsp_xbar_demux_001: "nios_system" instantiated altera_merlin_demultiplexer "rsp_xbar_demux_001"
Info: rsp_xbar_demux_002: "nios_system" instantiated altera_merlin_demultiplexer "rsp_xbar_demux_002"
Info: rsp_xbar_demux_003: "nios_system" instantiated altera_merlin_demultiplexer "rsp_xbar_demux_003"
Info: rsp_xbar_mux: "nios_system" instantiated altera_merlin_multiplexer "rsp_xbar_mux"
Info: Reusing file C:/Users/jorde_000/Documents/GitHub/LaserSharknado/HDL/nios_system/synthesis/submodules/altera_merlin_arbitrator.sv
Info: rsp_xbar_mux_001: "nios_system" instantiated altera_merlin_multiplexer "rsp_xbar_mux_001"
Info: Reusing file C:/Users/jorde_000/Documents/GitHub/LaserSharknado/HDL/nios_system/synthesis/submodules/altera_merlin_arbitrator.sv
Info: width_adapter: "nios_system" instantiated altera_merlin_width_adapter "width_adapter"
Info: Reusing file C:/Users/jorde_000/Documents/GitHub/LaserSharknado/HDL/nios_system/synthesis/submodules/altera_merlin_burst_uncompressor.sv
Info: crosser: "nios_system" instantiated altera_avalon_st_handshake_clock_crosser "crosser"
Info: Reusing file C:/Users/jorde_000/Documents/GitHub/LaserSharknado/HDL/nios_system/synthesis/submodules/altera_avalon_st_pipeline_base.v
Info: irq_mapper: "nios_system" instantiated altera_irq_mapper "irq_mapper"
Info: irq_synchronizer: "nios_system" instantiated altera_irq_clock_crosser "irq_synchronizer"
Info: nios_system: Done nios_system" with 54 modules, 283 files, 5215746 bytes
Info: ip-generate succeeded.
Info: Finished: Create HDL design files for synthesis
